[2017-09-21 22:21:51.281898] [0x00007f9d81ebea00] [info ] (main.cpp:166) - radiotray-ng () starting up
[2017-09-21 22:21:51.281960] [0x00007f9d81ebea00] [debug] (config.cpp:35) - loading: /home/paul/.config/radiotray-ng/radiotray-ng.json
[2017-09-21 22:21:51.282053] [0x00007f9d81ebea00] [info ] (main.cpp:92) - debug logging disabled
[2017-09-21 22:21:51.282077] [0x00007f9d81ebea00] [info ] (player.cpp:32) - starting gstreamer
[2017-09-21 22:21:51.298906] [0x00007f9d81ebea00] [info ] (player.cpp:369) - buffer-size=1280000
[2017-09-21 22:21:51.299004] [0x00007f9d81ebea00] [error] (bookmarks.cpp:50) - Failed to parse: /home/paul/.config/radiotray-ng/bookmarks.json : * Line 1, Column 17
  Missing ',' or ']' in array declaration

[2017-09-21 22:21:51.300419] [0x00007f9d81ebea00] [info ] (media_keys.cpp:185) - starting media keys
[2017-09-21 22:21:59.197289] [0x00007f9d81ebea00] [error] (bookmarks.cpp:50) - Failed to parse: /home/paul/.config/radiotray-ng/bookmarks.json : * Line 1, Column 17
  Missing ',' or ']' in array declaration

[2017-09-21 22:23:12.191439] [0x00007f9d81ebea00] [info ] (radiotray_ng.cpp:431) - downloading: root, CBC Radio One Victoria, http://cbc_r1_vic.akacast.akamaistream.net/7/728/451661/v1/rc.akacast.akamaistream.net/cbc_r1_vic
[2017-09-21 22:23:12.956558] [0x00007f9d81ebea00] [warning] (playlist_downloader.cpp:193) - Content exceeds our limit of 4,096 bytes!
[2017-09-21 22:23:12.956745] [0x00007f9d81ebea00] [info ] (playlist_downloader.cpp:97) - no decoders, assuming direct media stream of content-type: audio/mpeg
[2017-09-21 22:30:44.711948] [0x00007f9d81ebea00] [info ] (player.cpp:284) - canceling outstanding clock request
[2017-09-21 22:30:45.053143] [0x00007f9d81ebea00] [info ] (player.cpp:284) - canceling outstanding clock request
[2017-09-21 22:30:45.906501] [0x00007f9d81ebea00] [info ] (player.cpp:284) - canceling outstanding clock request
[2017-09-21 22:30:47.783816] [0x00007f9d81ebea00] [info ] (player.cpp:284) - canceling outstanding clock request
[2017-09-21 22:30:51.709050] [0x00007f9d81ebea00] [info ] (player.cpp:284) - canceling outstanding clock request
[2017-09-21 22:30:59.751422] [0x00007f9d81ebea00] [info ] (player.cpp:284) - canceling outstanding clock request
[2017-09-21 22:31:03.569971] [0x00007f9d81ebea00] [info ] (player.cpp:284) - canceling outstanding clock request
[2017-09-21 22:31:07.239165] [0x00007f9d81ebea00] [info ] (player.cpp:284) - canceling outstanding clock request
[2017-09-21 22:31:15.132764] [0x00007f9d81ebea00] [info ] (player.cpp:284) - canceling outstanding clock request
[2017-09-21 22:31:18.716382] [0x00007f9d81ebea00] [info ] (player.cpp:284) - canceling outstanding clock request
[2017-09-21 22:31:22.236324] [0x00007f9d81ebea00] [info ] (player.cpp:284) - canceling outstanding clock request
[2017-09-21 22:31:30.044315] [0x00007f9d81ebea00] [info ] (player.cpp:284) - canceling outstanding clock request
[2017-09-21 22:31:33.372117] [0x00007f9d81ebea00] [info ] (player.cpp:284) - canceling outstanding clock request
[2017-09-21 22:31:36.700467] [0x00007f9d81ebea00] [info ] (player.cpp:284) - canceling outstanding clock request
[2017-09-21 22:31:44.401868] [0x00007f9d81ebea00] [info ] (player.cpp:284) - canceling outstanding clock request
[2017-09-21 22:31:47.558708] [0x00007f9d81ebea00] [info ] (player.cpp:284) - canceling outstanding clock request
[2017-09-21 22:31:50.630864] [0x00007f9d81ebea00] [info ] (player.cpp:284) - canceling outstanding clock request
[2017-09-21 22:31:58.246733] [0x00007f9d81ebea00] [info ] (player.cpp:284) - canceling outstanding clock request
[2017-09-21 22:32:01.233165] [0x00007f9d81ebea00] [info ] (player.cpp:284) - canceling outstanding clock request
[2017-09-21 22:32:04.132974] [0x00007f9d81ebea00] [info ] (player.cpp:284) - canceling outstanding clock request
[2017-09-21 22:32:11.600915] [0x00007f9d81ebea00] [info ] (player.cpp:284) - canceling outstanding clock request
[2017-09-21 22:32:14.395528] [0x00007f9d81ebea00] [info ] (player.cpp:284) - canceling outstanding clock request
[2017-09-21 22:32:17.190587] [0x00007f9d81ebea00] [info ] (player.cpp:284) - canceling outstanding clock request
[2017-09-21 22:32:24.464787] [0x00007f9d81ebea00] [info ] (player.cpp:284) - canceling outstanding clock request
[2017-09-21 22:32:27.087827] [0x00007f9d81ebea00] [info ] (player.cpp:284) - canceling outstanding clock request
[2017-09-21 22:32:29.712975] [0x00007f9d81ebea00] [info ] (player.cpp:284) - canceling outstanding clock request
[2017-09-21 22:32:36.816656] [0x00007f9d81ebea00] [info ] (player.cpp:284) - canceling outstanding clock request
[2017-09-21 22:32:39.290760] [0x00007f9d81ebea00] [info ] (player.cpp:284) - canceling outstanding clock request
[2017-09-21 22:32:41.723555] [0x00007f9d81ebea00] [info ] (player.cpp:284) - canceling outstanding clock request
[2017-09-21 22:32:48.678022] [0x00007f9d81ebea00] [info ] (player.cpp:284) - canceling outstanding clock request
[2017-09-21 22:32:51.045924] [0x00007f9d81ebea00] [info ] (player.cpp:284) - canceling outstanding clock request
[2017-09-21 22:32:53.222182] [0x00007f9d81ebea00] [info ] (player.cpp:284) - canceling outstanding clock request
[2017-09-21 22:32:59.984636] [0x00007f9d81ebea00] [info ] (player.cpp:284) - canceling outstanding clock request
[2017-09-21 22:33:02.160953] [0x00007f9d81ebea00] [info ] (player.cpp:284) - canceling outstanding clock request
[2017-09-21 22:33:04.272988] [0x00007f9d81ebea00] [info ] (player.cpp:284) - canceling outstanding clock request
[2017-09-21 22:33:10.843395] [0x00007f9d81ebea00] [info ] (player.cpp:284) - canceling outstanding clock request
[2017-09-21 22:33:12.784662] [0x00007f9d81ebea00] [info ] (player.cpp:284) - canceling outstanding clock request
[2017-09-21 22:33:14.704464] [0x00007f9d81ebea00] [info ] (player.cpp:284) - canceling outstanding clock request
[2017-09-21 22:33:21.211391] [0x00007f9d81ebea00] [info ] (player.cpp:284) - canceling outstanding clock request
[2017-09-21 22:33:23.046069] [0x00007f9d81ebea00] [info ] (player.cpp:284) - canceling outstanding clock request
[2017-09-21 22:33:24.709817] [0x00007f9d81ebea00] [info ] (player.cpp:284) - canceling outstanding clock request
[2017-09-21 22:33:32.857822] [0x00007f9d81ebea00] [info ] (player.cpp:284) - canceling outstanding clock request
[2017-09-21 22:33:34.437876] [0x00007f9d81ebea00] [info ] (player.cpp:284) - canceling outstanding clock request
[2017-09-21 22:33:40.666005] [0x00007f9d81ebea00] [info ] (player.cpp:284) - canceling outstanding clock request
[2017-09-21 22:33:42.138195] [0x00007f9d81ebea00] [info ] (player.cpp:284) - canceling outstanding clock request
[2017-09-21 22:33:43.653482] [0x00007f9d81ebea00] [info ] (player.cpp:284) - canceling outstanding clock request
[2017-09-21 22:33:49.584028] [0x00007f9d81ebea00] [info ] (player.cpp:284) - canceling outstanding clock request
[2017-09-21 22:33:50.907231] [0x00007f9d81ebea00] [info ] (player.cpp:284) - canceling outstanding clock request
[2017-09-21 22:33:52.336030] [0x00007f9d81ebea00] [info ] (player.cpp:284) - canceling outstanding clock request
[2017-09-21 22:33:56.239878] [0x00007f9d81ebea00] [info ] (player.cpp:284) - canceling outstanding clock request
[2017-09-21 22:33:59.269304] [0x00007f9d81ebea00] [info ] (player.cpp:284) - canceling outstanding clock request
[2017-09-21 22:34:00.485621] [0x00007f9d81ebea00] [info ] (player.cpp:284) - canceling outstanding clock request
[2017-09-21 22:34:04.261579] [0x00007f9d81ebea00] [info ] (player.cpp:284) - canceling outstanding clock request
[2017-09-21 22:34:07.056503] [0x00007f9d81ebea00] [info ] (player.cpp:284) - canceling outstanding clock request
[2017-09-21 22:34:08.207953] [0x00007f9d81ebea00] [info ] (player.cpp:284) - canceling outstanding clock request
[2017-09-21 22:34:11.707012] [0x00007f9d81ebea00] [info ] (player.cpp:284) - canceling outstanding clock request
[2017-09-21 22:34:14.352047] [0x00007f9d81ebea00] [info ] (player.cpp:284) - canceling outstanding clock request
[2017-09-21 22:34:15.397152] [0x00007f9d81ebea00] [info ] (player.cpp:284) - canceling outstanding clock request
[2017-09-21 22:34:18.554302] [0x00007f9d81ebea00] [info ] (player.cpp:284) - canceling outstanding clock request
[2017-09-21 22:34:21.178494] [0x00007f9d81ebea00] [info ] (player.cpp:284) - canceling outstanding clock request
[2017-09-21 22:34:22.053261] [0x00007f9d81ebea00] [info ] (player.cpp:284) - canceling outstanding clock request
[2017-09-21 22:34:25.039581] [0x00007f9d81ebea00] [info ] (player.cpp:284) - canceling outstanding clock request
[2017-09-21 22:34:27.407839] [0x00007f9d81ebea00] [info ] (player.cpp:284) - canceling outstanding clock request
[2017-09-21 22:34:28.196925] [0x00007f9d81ebea00] [info ] (player.cpp:284) - canceling outstanding clock request
[2017-09-21 22:34:31.012968] [0x00007f9d81ebea00] [info ] (player.cpp:284) - canceling outstanding clock request
[2017-09-21 22:34:33.189168] [0x00007f9d81ebea00] [info ] (player.cpp:284) - canceling outstanding clock request
[2017-09-21 22:34:33.829163] [0x00007f9d81ebea00] [info ] (player.cpp:284) - canceling outstanding clock request
[2017-09-21 22:34:36.474802] [0x00007f9d81ebea00] [info ] (player.cpp:284) - canceling outstanding clock request
[2017-09-21 22:34:38.458249] [0x00007f9d81ebea00] [info ] (player.cpp:284) - canceling outstanding clock request
[2017-09-21 22:34:38.991955] [0x00007f9d81ebea00] [info ] (player.cpp:284) - canceling outstanding clock request
[2017-09-21 22:34:41.358866] [0x00007f9d81ebea00] [info ] (player.cpp:284) - canceling outstanding clock request
[2017-09-21 22:34:43.216076] [0x00007f9d81ebea00] [info ] (player.cpp:284) - canceling outstanding clock request
[2017-09-21 22:34:43.664087] [0x00007f9d81ebea00] [info ] (player.cpp:284) - canceling outstanding clock request
[2017-09-21 22:34:45.775349] [0x00007f9d81ebea00] [info ] (player.cpp:284) - canceling outstanding clock request
[2017-09-21 22:34:47.866344] [0x00007f9d81ebea00] [info ] (player.cpp:284) - canceling outstanding clock request
[2017-09-21 22:35:42.268965] [0x00007f9d81ebea00] [info ] (player.cpp:119) - canceling outstanding clock request
[2017-09-21 22:35:42.270013] [0x00007f9d81ebea00] [info ] (radiotray_ng.cpp:431) - downloading: root, NPR, https://nprdmp-live01-mp3.akacast.akamaistream.net/7/998/364916/v1/npr.akacast.akamaistream.net/nprdmp_live01_mp3
[2017-09-21 22:35:43.067918] [0x00007f9d81ebea00] [warning] (playlist_downloader.cpp:193) - Content exceeds our limit of 4,096 bytes!
[2017-09-21 22:35:43.068922] [0x00007f9d81ebea00] [info ] (playlist_downloader.cpp:97) - no decoders, assuming direct media stream of content-type: audio/mpeg
[2017-09-21 22:35:48.620678] [0x00007f9d81ebea00] [info ] (player.cpp:119) - canceling outstanding clock request
[2017-09-21 22:35:48.621777] [0x00007f9d81ebea00] [info ] (radiotray_ng.cpp:431) - downloading: root, BBC World Service, http://bbcwssc.ic.llnwd.net/stream/bbcwssc_mp1_ws-einws
[2017-09-21 22:35:48.968313] [0x00007f9d81ebea00] [warning] (playlist_downloader.cpp:193) - Content exceeds our limit of 4,096 bytes!
[2017-09-21 22:35:48.968516] [0x00007f9d81ebea00] [info ] (playlist_downloader.cpp:97) - no decoders, assuming direct media stream of content-type: audio/mpeg
[2017-09-21 22:35:54.948286] [0x00007f9d81ebea00] [info ] (player.cpp:119) - canceling outstanding clock request
[2017-09-21 22:35:54.949452] [0x00007f9d81ebea00] [info ] (radiotray_ng.cpp:431) - downloading: root, WNYC, http://www.wnyc.org/stream/wnyc-fm939/mp3.pls
[2017-09-21 22:35:55.217112] [0x00007f9d81ebea00] [info ] (playlist_downloader.cpp:92) - decoder: PLS
[2017-09-21 22:36:01.087587] [0x00007f9d81ebea00] [info ] (player.cpp:119) - canceling outstanding clock request
[2017-09-21 22:36:01.088221] [0x00007f9d81ebea00] [info ] (radiotray_ng.cpp:431) - downloading: root, BBC World Service, http://bbcwssc.ic.llnwd.net/stream/bbcwssc_mp1_ws-einws
[2017-09-21 22:36:01.472495] [0x00007f9d81ebea00] [warning] (playlist_downloader.cpp:193) - Content exceeds our limit of 4,096 bytes!
[2017-09-21 22:36:01.472721] [0x00007f9d81ebea00] [info ] (playlist_downloader.cpp:97) - no decoders, assuming direct media stream of content-type: audio/mpeg
[2017-09-21 22:36:03.920160] [0x00007f9d81ebea00] [info ] (radiotray_ng.cpp:431) - downloading: root, WNYC, http://www.wnyc.org/stream/wnyc-fm939/mp3.pls
[2017-09-21 22:36:04.187605] [0x00007f9d81ebea00] [info ] (playlist_downloader.cpp:92) - decoder: PLS
[2017-09-21 22:36:04.191029] [0x00007f9d81ebea00] [info ] (player.cpp:119) - canceling outstanding clock request
[2017-09-21 22:36:19.025284] [0x00007f9d81ebea00] [info ] (radiotray_ng.cpp:431) - downloading: root, WUSB, http://stream.wusb.stonybrook.edu:8090/
[2017-09-21 22:36:19.353279] [0x00007f9d81ebea00] [warning] (playlist_downloader.cpp:193) - Content exceeds our limit of 4,096 bytes!
[2017-09-21 22:36:19.353476] [0x00007f9d81ebea00] [info ] (playlist_downloader.cpp:97) - no decoders, assuming direct media stream of content-type: audio/mpeg
[2017-09-21 22:36:27.979204] [0x00007f9d81ebea00] [info ] (player.cpp:119) - canceling outstanding clock request
[2017-09-21 22:36:27.980323] [0x00007f9d81ebea00] [info ] (radiotray_ng.cpp:431) - downloading: root, CBC Radio One Victoria, http://cbc_r1_vic.akacast.akamaistream.net/7/728/451661/v1/rc.akacast.akamaistream.net/cbc_r1_vic
[2017-09-21 22:36:28.507323] [0x00007f9d81ebea00] [warning] (playlist_downloader.cpp:193) - Content exceeds our limit of 4,096 bytes!
[2017-09-21 22:36:28.507554] [0x00007f9d81ebea00] [info ] (playlist_downloader.cpp:97) - no decoders, assuming direct media stream of content-type: audio/mpeg
[2017-09-21 22:38:53.048122] [0x00007f9d81ebea00] [info ] (radiotray_ng.cpp:431) - downloading: root, KXLU, http://kxlu.streamguys1.com/kxlu-hi.m3u
[2017-09-21 22:38:53.302587] [0x00007f9d81ebea00] [info ] (playlist_downloader.cpp:92) - decoder: M3U
[2017-09-21 22:43:32.190265] [0x00007f9d81ebea00] [info ] (radiotray_ng.cpp:56) - stopping player
[2017-09-21 22:45:32.536988] [0x00007f9d81ebea00] [error] (bookmarks.cpp:50) - Failed to parse: /home/paul/.config/radiotray-ng/bookmarks.json : * Line 16, Column 13
  Missing ',' or '}' in object declaration

[2017-09-21 22:45:37.897169] [0x00007f9d81ebea00] [error] (bookmarks.cpp:50) - Failed to parse: /home/paul/.config/radiotray-ng/bookmarks.json : * Line 16, Column 13
  Missing ',' or '}' in object declaration

[2017-09-21 22:45:52.858755] [0x00007f9d81ebea00] [info ] (radiotray_ng.cpp:431) - downloading: root, KXLU, http://kxlu.streamguys1.com/kxlu-hi.m3u
[2017-09-21 22:45:53.504165] [0x00007f9d81ebea00] [info ] (playlist_downloader.cpp:92) - decoder: M3U
[2017-09-21 22:45:56.390597] [0x00007f9d81ebea00] [error] (bookmarks.cpp:50) - Failed to parse: /home/paul/.config/radiotray-ng/bookmarks.json : * Line 16, Column 13
  Missing ',' or '}' in object declaration

[2017-09-21 22:46:08.892533] [0x00007f9d81ebea00] [error] (bookmarks.cpp:50) - Failed to parse: /home/paul/.config/radiotray-ng/bookmarks.json : * Line 16, Column 13
  Missing ',' or '}' in object declaration

[2017-09-21 22:46:53.396354] [0x00007f9d81ebea00] [info ] (main.cpp:207) - radiotray-ng shutting down
[2017-09-21 22:46:53.396447] [0x00007f9d81ebea00] [info ] (media_keys.cpp:219) - stopping media keys
[2017-09-21 22:46:53.404152] [0x00007f9d81ebea00] [info ] (player.cpp:40) - stopping gstreamer
