[2017-09-21 22:07:03.199253] [0x00007fa0157fda00] [info ] (main.cpp:166) - radiotray-ng () starting up
[2017-09-21 22:07:03.199394] [0x00007fa0157fda00] [debug] (config.cpp:35) - loading: /home/paul/.config/radiotray-ng/radiotray-ng.json
[2017-09-21 22:07:03.235339] [0x00007fa0157fda00] [error] (config.cpp:51) - Failed to load: /home/paul/.config/radiotray-ng/radiotray-ng.json : No such file or directory
[2017-09-21 22:07:03.235679] [0x00007fa0157fda00] [debug] (config.cpp:63) - saving: /home/paul/.config/radiotray-ng/radiotray-ng.json
[2017-09-21 22:07:03.235920] [0x00007fa0157fda00] [info ] (main.cpp:92) - debug logging disabled
[2017-09-21 22:07:03.235979] [0x00007fa0157fda00] [info ] (player.cpp:32) - starting gstreamer
[2017-09-21 22:07:05.312955] [0x00007fa0157fda00] [info ] (player.cpp:369) - buffer-size=1280000
[2017-09-21 22:07:05.333329] [0x00007fa0157fda00] [info ] (media_keys.cpp:185) - starting media keys
[2017-09-21 22:07:22.754641] [0x00007fa0157fda00] [info ] (radiotray_ng.cpp:431) - downloading: Chill, Lounge Radio, http://www.lounge-radio.com/listen128.m3u
[2017-09-21 22:07:24.182273] [0x00007fa0157fda00] [info ] (playlist_downloader.cpp:92) - decoder: M3U
[2017-09-21 22:18:55.829285] [0x00007fa0157fda00] [info ] (radiotray_ng.cpp:431) - downloading: root, CBC Radio 1 Victoria, http://cbc_r1_vic.akacast.akamaistream.net/7/728/451661/v1/rc.akacast.akamaistream.net/cbc_r1_vic
[2017-09-21 22:18:56.442736] [0x00007fa0157fda00] [warning] (playlist_downloader.cpp:193) - Content exceeds our limit of 4,096 bytes!
[2017-09-21 22:18:56.442927] [0x00007fa0157fda00] [info ] (playlist_downloader.cpp:97) - no decoders, assuming direct media stream of content-type: audio/mpeg
[2017-09-21 22:21:26.444088] [0x00007fa0157fda00] [error] (bookmarks.cpp:50) - Failed to parse: /home/paul/.config/radiotray-ng/bookmarks.json : * Line 1, Column 17
  Missing ',' or ']' in array declaration

[2017-09-21 22:21:38.951390] [0x00007fa0157fda00] [error] (bookmarks.cpp:50) - Failed to parse: /home/paul/.config/radiotray-ng/bookmarks.json : * Line 1, Column 17
  Missing ',' or ']' in array declaration

[2017-09-21 22:21:46.383653] [0x00007fa0157fda00] [info ] (main.cpp:207) - radiotray-ng shutting down
[2017-09-21 22:21:46.383742] [0x00007fa0157fda00] [info ] (media_keys.cpp:219) - stopping media keys
[2017-09-21 22:21:46.398661] [0x00007fa0157fda00] [info ] (player.cpp:40) - stopping gstreamer
