# Logfile created on 2017-08-17 16:04:24 -0700 by logger.rb/56815
D, [2017-08-17T16:04:25.613610 #13460] DEBUG -- : loading mailboxes...
D, [2017-08-17T16:06:05.965820 #16953] DEBUG -- : loading mailboxes...
D, [2017-08-17T16:06:52.864586 #17885] DEBUG -- : RUBY0001 OK paulsajna@gmail.com authenticated (Success)

D, [2017-08-17T16:06:52.864736 #17885] DEBUG -- : loading mailboxes...
D, [2017-08-17T16:06:53.006154 #17885] DEBUG -- : Loaded mailboxes: ["INBOX", "BC Auction", "Personal", "Receipts", "Travel", "Work", "[Gmail]/All Mail", "[Gmail]/Bin", "[Gmail]/Drafts", "[Gmail]/Important", "[Gmail]/Sent Mail", "[Gmail]/Spam", "[Gmail]/Starred", "psajna@uvic.ca"].inspect
D, [2017-08-17T16:06:53.006255 #17885] DEBUG -- : Setting aliases to {"sent"=>"[Gmail]/Sent Mail", "all"=>"[Gmail]/All Mail", "starred"=>"[Gmail]/Starred", "important"=>"[Gmail]/Important", "drafts"=>"[Gmail]/Drafts", "spam"=>"[Gmail]/Spam", "trash"=>"[Gmail]/Bin"}
D, [2017-08-17T16:06:53.006788 #17885] DEBUG -- : Selecting mailbox "INBOX"
D, [2017-08-17T16:06:53.479652 #17885] DEBUG -- : RUBY0003 OK [READ-WRITE] INBOX selected. (Success)

D, [2017-08-17T16:06:53.479971 #17885] DEBUG -- : Done
D, [2017-08-17T16:06:53.543219 #17885] DEBUG -- : Getting mailbox status
D, [2017-08-17T16:06:53.543353 #17885] DEBUG -- : Getting highest message id
D, [2017-08-17T16:06:53.930588 #17885] DEBUG -- : Highest seqno: 17088
D, [2017-08-17T16:06:54.197123 #17885] DEBUG -- : Setting window width to 80
D, [2017-08-17T16:06:54.251000 #17885] DEBUG -- : Selecting mailbox "INBOX"
D, [2017-08-17T16:06:54.708564 #17885] DEBUG -- : RUBY0005 OK [READ-WRITE] INBOX selected. (Success)

D, [2017-08-17T16:06:54.708784 #17885] DEBUG -- : Done
D, [2017-08-17T16:06:54.709544 #17885] DEBUG -- : Getting mailbox status
D, [2017-08-17T16:06:54.709623 #17885] DEBUG -- : Getting highest message id
D, [2017-08-17T16:06:54.970809 #17885] DEBUG -- : Highest seqno: 17088
D, [2017-08-17T16:06:55.043626 #17885] DEBUG -- : #search: "\"all\""
D, [2017-08-17T16:06:55.043710 #17885] DEBUG -- : Query: "16989:17088 all"
D, [2017-08-17T16:06:55.324240 #17885] DEBUG -- : - Query got 100 results; max seqno: 17088
D, [2017-08-17T16:06:55.324391 #17885] DEBUG -- : Clearing cached message
D, [2017-08-17T16:06:55.324456 #17885] DEBUG -- : Fetching headers for 100 messages
D, [2017-08-17T16:07:45.295518 #17885] DEBUG -- : Show message: "<20170817133230.03E2CA032653@legacyapi6-11-ussnn1.prod.dc.dynback.net>"
D, [2017-08-17T16:07:45.295755 #17885] DEBUG -- : - found message <20170817133230.03E2CA032653@legacyapi6-11-ussnn1.prod.dc.dynback.net>
D, [2017-08-17T16:07:45.295785 #17885] DEBUG -- : - message has plaintext? false
D, [2017-08-17T16:07:45.295800 #17885] DEBUG -- : - full message cache miss
D, [2017-08-17T16:07:45.296057 #17885] DEBUG -- : - fetching message uid 24959
D, [2017-08-17T16:07:46.119743 #17885] DEBUG -- : Showing message message_id: <20170817133230.03E2CA032653@legacyapi6-11-ussnn1.prod.dc.dynback.net>
D, [2017-08-17T16:08:13.234701 #17885] DEBUG -- : Show message: "<20170817133230.03E2CA032653@legacyapi6-11-ussnn1.prod.dc.dynback.net>"
D, [2017-08-17T16:08:13.234983 #17885] DEBUG -- : - found message <20170817133230.03E2CA032653@legacyapi6-11-ussnn1.prod.dc.dynback.net>
D, [2017-08-17T16:08:13.235014 #17885] DEBUG -- : - message has plaintext? true
D, [2017-08-17T16:08:13.235029 #17885] DEBUG -- : - full message cache hit
D, [2017-08-17T16:08:13.235043 #17885] DEBUG -- : Showing message message_id: <20170817133230.03E2CA032653@legacyapi6-11-ussnn1.prod.dc.dynback.net>
D, [2017-08-17T16:08:14.431436 #17885] DEBUG -- : Show message: "<20170817133230.03E2CA032653@legacyapi6-11-ussnn1.prod.dc.dynback.net>"
D, [2017-08-17T16:08:14.431715 #17885] DEBUG -- : - found message <20170817133230.03E2CA032653@legacyapi6-11-ussnn1.prod.dc.dynback.net>
D, [2017-08-17T16:08:14.431746 #17885] DEBUG -- : - message has plaintext? true
D, [2017-08-17T16:08:14.431760 #17885] DEBUG -- : - full message cache hit
D, [2017-08-17T16:08:14.431774 #17885] DEBUG -- : Showing message message_id: <20170817133230.03E2CA032653@legacyapi6-11-ussnn1.prod.dc.dynback.net>
D, [2017-08-17T16:08:30.920527 #17885] DEBUG -- : Closing connection
D, [2017-08-17T16:08:38.542335 #21405] DEBUG -- : RUBY0001 OK paulsajna@gmail.com authenticated (Success)

D, [2017-08-17T16:08:38.542505 #21405] DEBUG -- : loading mailboxes...
D, [2017-08-17T16:08:38.675626 #21405] DEBUG -- : Loaded mailboxes: ["INBOX", "BC Auction", "Personal", "Receipts", "Travel", "Work", "[Gmail]/All Mail", "[Gmail]/Bin", "[Gmail]/Drafts", "[Gmail]/Important", "[Gmail]/Sent Mail", "[Gmail]/Spam", "[Gmail]/Starred", "psajna@uvic.ca"].inspect
D, [2017-08-17T16:08:38.675860 #21405] DEBUG -- : Setting aliases to {"sent"=>"[Gmail]/Sent Mail", "all"=>"[Gmail]/All Mail", "starred"=>"[Gmail]/Starred", "important"=>"[Gmail]/Important", "drafts"=>"[Gmail]/Drafts", "spam"=>"[Gmail]/Spam", "trash"=>"[Gmail]/Bin"}
D, [2017-08-17T16:08:38.677075 #21405] DEBUG -- : Selecting mailbox "INBOX"
D, [2017-08-17T16:08:38.963328 #21405] DEBUG -- : RUBY0003 OK [READ-WRITE] INBOX selected. (Success)

D, [2017-08-17T16:08:38.963536 #21405] DEBUG -- : Done
D, [2017-08-17T16:08:38.964550 #21405] DEBUG -- : Getting mailbox status
D, [2017-08-17T16:08:38.964658 #21405] DEBUG -- : Getting highest message id
D, [2017-08-17T16:08:39.383598 #21405] DEBUG -- : Highest seqno: 17088
D, [2017-08-17T16:08:39.560659 #21405] DEBUG -- : Setting window width to 80
D, [2017-08-17T16:08:39.614111 #21405] DEBUG -- : Selecting mailbox "INBOX"
D, [2017-08-17T16:08:39.976363 #21405] DEBUG -- : RUBY0005 OK [READ-WRITE] INBOX selected. (Success)

D, [2017-08-17T16:08:39.976566 #21405] DEBUG -- : Done
D, [2017-08-17T16:08:39.977372 #21405] DEBUG -- : Getting mailbox status
D, [2017-08-17T16:08:39.977468 #21405] DEBUG -- : Getting highest message id
D, [2017-08-17T16:08:40.240444 #21405] DEBUG -- : Highest seqno: 17088
D, [2017-08-17T16:08:40.309351 #21405] DEBUG -- : #search: "\"all\""
D, [2017-08-17T16:08:40.309440 #21405] DEBUG -- : Query: "16989:17088 all"
D, [2017-08-17T16:08:40.437126 #21405] DEBUG -- : - Query got 100 results; max seqno: 17088
D, [2017-08-17T16:08:40.437236 #21405] DEBUG -- : Clearing cached message
D, [2017-08-17T16:08:40.437296 #21405] DEBUG -- : Fetching headers for 100 messages
D, [2017-08-17T16:09:07.382114 #21405] DEBUG -- : Show message: "<ff1ec0a422d0516183a9cf9a4.8e89edfe96.20170816184950.be13890dc1.ba0cfcc0@mail176.atl81.rsgsv.net>"
D, [2017-08-17T16:09:07.382348 #21405] DEBUG -- : - found message <ff1ec0a422d0516183a9cf9a4.8e89edfe96.20170816184950.be13890dc1.ba0cfcc0@mail176.atl81.rsgsv.net>
D, [2017-08-17T16:09:07.382379 #21405] DEBUG -- : - message has plaintext? false
D, [2017-08-17T16:09:07.382394 #21405] DEBUG -- : - full message cache miss
D, [2017-08-17T16:09:07.382660 #21405] DEBUG -- : - fetching message uid 24946
D, [2017-08-17T16:09:08.011593 #21405] DEBUG -- : Showing message message_id: <ff1ec0a422d0516183a9cf9a4.8e89edfe96.20170816184950.be13890dc1.ba0cfcc0@mail176.atl81.rsgsv.net>
D, [2017-08-17T16:17:34.510051 #21405] DEBUG -- : Show message: "<64b3647851052af3.1503000136029.100235688.10041969.en-GB.4b438afb29c572e9@google.com>"
D, [2017-08-17T16:17:34.510306 #21405] DEBUG -- : - found message <64b3647851052af3.1503000136029.100235688.10041969.en-GB.4b438afb29c572e9@google.com>
D, [2017-08-17T16:17:34.510341 #21405] DEBUG -- : - message has plaintext? false
D, [2017-08-17T16:17:34.510366 #21405] DEBUG -- : - full message cache miss
D, [2017-08-17T16:17:34.510626 #21405] DEBUG -- : - fetching message uid 24966
D, [2017-08-17T16:17:35.591209 #21405] DEBUG -- : Showing message message_id: <64b3647851052af3.1503000136029.100235688.10041969.en-GB.4b438afb29c572e9@google.com>
D, [2017-08-17T16:17:55.846060 #21405] DEBUG -- : Closing connection
D, [2017-08-17T16:18:00.931882 #5484] DEBUG -- : RUBY0001 OK paulsajna@gmail.com authenticated (Success)

D, [2017-08-17T16:18:00.932032 #5484] DEBUG -- : loading mailboxes...
D, [2017-08-17T16:18:01.500660 #5484] DEBUG -- : Loaded mailboxes: ["INBOX", "BC Auction", "Personal", "Receipts", "Travel", "Work", "[Gmail]/All Mail", "[Gmail]/Bin", "[Gmail]/Drafts", "[Gmail]/Important", "[Gmail]/Sent Mail", "[Gmail]/Spam", "[Gmail]/Starred", "psajna@uvic.ca"].inspect
D, [2017-08-17T16:18:01.500913 #5484] DEBUG -- : Setting aliases to {"sent"=>"[Gmail]/Sent Mail", "all"=>"[Gmail]/All Mail", "starred"=>"[Gmail]/Starred", "important"=>"[Gmail]/Important", "drafts"=>"[Gmail]/Drafts", "spam"=>"[Gmail]/Spam", "trash"=>"[Gmail]/Bin"}
D, [2017-08-17T16:18:01.502098 #5484] DEBUG -- : Selecting mailbox "INBOX"
D, [2017-08-17T16:18:01.955999 #5484] DEBUG -- : RUBY0003 OK [READ-WRITE] INBOX selected. (Success)

D, [2017-08-17T16:18:01.956129 #5484] DEBUG -- : Done
D, [2017-08-17T16:18:01.956596 #5484] DEBUG -- : Getting mailbox status
D, [2017-08-17T16:18:01.956635 #5484] DEBUG -- : Getting highest message id
D, [2017-08-17T16:18:02.426274 #5484] DEBUG -- : Highest seqno: 17088
D, [2017-08-17T16:18:02.660968 #5484] DEBUG -- : Setting window width to 125
D, [2017-08-17T16:18:02.713997 #5484] DEBUG -- : Selecting mailbox "INBOX"
D, [2017-08-17T16:18:03.179276 #5484] DEBUG -- : RUBY0005 OK [READ-WRITE] INBOX selected. (Success)

D, [2017-08-17T16:18:03.179436 #5484] DEBUG -- : Done
D, [2017-08-17T16:18:03.179924 #5484] DEBUG -- : Getting mailbox status
D, [2017-08-17T16:18:03.179978 #5484] DEBUG -- : Getting highest message id
D, [2017-08-17T16:18:03.440255 #5484] DEBUG -- : Highest seqno: 17088
D, [2017-08-17T16:18:03.510849 #5484] DEBUG -- : #search: "\"all\""
D, [2017-08-17T16:18:03.510934 #5484] DEBUG -- : Query: "16989:17088 all"
D, [2017-08-17T16:18:03.642341 #5484] DEBUG -- : - Query got 100 results; max seqno: 17088
D, [2017-08-17T16:18:03.642497 #5484] DEBUG -- : Clearing cached message
D, [2017-08-17T16:18:03.642571 #5484] DEBUG -- : Fetching headers for 100 messages
D, [2017-08-17T16:18:24.757512 #5484] DEBUG -- : Closing connection
D, [2017-08-17T16:18:29.803387 #6423] DEBUG -- : RUBY0001 OK paulsajna@gmail.com authenticated (Success)

D, [2017-08-17T16:18:29.803547 #6423] DEBUG -- : loading mailboxes...
D, [2017-08-17T16:18:29.931867 #6423] DEBUG -- : Loaded mailboxes: ["INBOX", "BC Auction", "Personal", "Receipts", "Travel", "Work", "[Gmail]/All Mail", "[Gmail]/Bin", "[Gmail]/Drafts", "[Gmail]/Important", "[Gmail]/Sent Mail", "[Gmail]/Spam", "[Gmail]/Starred", "psajna@uvic.ca"].inspect
D, [2017-08-17T16:18:29.932068 #6423] DEBUG -- : Setting aliases to {"sent"=>"[Gmail]/Sent Mail", "all"=>"[Gmail]/All Mail", "starred"=>"[Gmail]/Starred", "important"=>"[Gmail]/Important", "drafts"=>"[Gmail]/Drafts", "spam"=>"[Gmail]/Spam", "trash"=>"[Gmail]/Bin"}
D, [2017-08-17T16:18:29.933149 #6423] DEBUG -- : Selecting mailbox "promotions"
D, [2017-08-17T16:18:30.070621 #6423] DEBUG -- : Error:  Unknown Mailbox: promotions (Failure)
D, [2017-08-17T16:18:43.729731 #7274] DEBUG -- : RUBY0001 OK paulsajna@gmail.com authenticated (Success)

D, [2017-08-17T16:18:43.729881 #7274] DEBUG -- : loading mailboxes...
D, [2017-08-17T16:18:43.860331 #7274] DEBUG -- : Loaded mailboxes: ["INBOX", "BC Auction", "Personal", "Receipts", "Travel", "Work", "[Gmail]/All Mail", "[Gmail]/Bin", "[Gmail]/Drafts", "[Gmail]/Important", "[Gmail]/Sent Mail", "[Gmail]/Spam", "[Gmail]/Starred", "psajna@uvic.ca"].inspect
D, [2017-08-17T16:18:43.860537 #7274] DEBUG -- : Setting aliases to {"sent"=>"[Gmail]/Sent Mail", "all"=>"[Gmail]/All Mail", "starred"=>"[Gmail]/Starred", "important"=>"[Gmail]/Important", "drafts"=>"[Gmail]/Drafts", "spam"=>"[Gmail]/Spam", "trash"=>"[Gmail]/Bin"}
D, [2017-08-17T16:18:43.861710 #7274] DEBUG -- : Selecting mailbox "Promotions"
D, [2017-08-17T16:18:43.986286 #7274] DEBUG -- : Error:  Unknown Mailbox: Promotions (Failure)
