[2017-09-21 22:47:45.055578] [0x00007f6656738a00] [info ] (main.cpp:166) - radiotray-ng () starting up
[2017-09-21 22:47:45.055661] [0x00007f6656738a00] [debug] (config.cpp:35) - loading: /home/paul/.config/radiotray-ng/radiotray-ng.json
[2017-09-21 22:47:45.055727] [0x00007f6656738a00] [info ] (main.cpp:92) - debug logging disabled
[2017-09-21 22:47:45.055745] [0x00007f6656738a00] [info ] (player.cpp:32) - starting gstreamer
[2017-09-21 22:47:45.074439] [0x00007f6656738a00] [info ] (player.cpp:369) - buffer-size=1280000
[2017-09-21 22:47:45.074562] [0x00007f6656738a00] [error] (bookmarks.cpp:50) - Failed to parse: /home/paul/.config/radiotray-ng/bookmarks.json : * Line 13, Column 13
  Missing ',' or '}' in object declaration

[2017-09-21 22:47:45.076041] [0x00007f6656738a00] [info ] (media_keys.cpp:185) - starting media keys
[2017-09-21 22:47:50.180824] [0x00007f6656738a00] [error] (bookmarks.cpp:50) - Failed to parse: /home/paul/.config/radiotray-ng/bookmarks.json : * Line 16, Column 13
  Missing ',' or '}' in object declaration

[2017-09-21 22:49:26.740638] [0x00007f6656738a00] [info ] (radiotray_ng.cpp:431) - downloading: root, CFUV, http://cfuv.streamon.fm:8000/CFUV-64k-m.mp3
[2017-09-21 22:49:27.213850] [0x00007f6656738a00] [warning] (playlist_downloader.cpp:193) - Content exceeds our limit of 4,096 bytes!
[2017-09-21 22:49:27.214020] [0x00007f6656738a00] [info ] (playlist_downloader.cpp:97) - no decoders, assuming direct media stream of content-type: audio/mpeg
[2017-09-21 22:49:49.452719] [0x00007f6656738a00] [info ] (radiotray_ng.cpp:56) - stopping player
[2017-09-21 22:50:20.387427] [0x00007f6656738a00] [info ] (radiotray_ng.cpp:431) - downloading: root, CFUV, http://cfuv.streamon.fm:8000/CFUV-64k-m.mp3
[2017-09-21 22:50:20.812787] [0x00007f6656738a00] [warning] (playlist_downloader.cpp:193) - Content exceeds our limit of 4,096 bytes!
[2017-09-21 22:50:20.812988] [0x00007f6656738a00] [info ] (playlist_downloader.cpp:97) - no decoders, assuming direct media stream of content-type: audio/mpeg
[2017-09-21 22:51:58.107067] [0x00007f6656738a00] [info ] (radiotray_ng.cpp:431) - downloading: root, NPR, https://nprdmp-live01-mp3.akacast.akamaistream.net/7/998/364916/v1/npr.akacast.akamaistream.net/nprdmp_live01_mp3
[2017-09-21 22:51:58.865885] [0x00007f6656738a00] [warning] (playlist_downloader.cpp:193) - Content exceeds our limit of 4,096 bytes!
[2017-09-21 22:51:58.868295] [0x00007f6656738a00] [info ] (playlist_downloader.cpp:97) - no decoders, assuming direct media stream of content-type: audio/mpeg
[2017-09-21 22:53:25.328094] [0x00007f6656738a00] [info ] (radiotray_ng.cpp:56) - stopping player
[2017-09-22 10:20:24.481095] [0x00007fc615e92a00] [info ] (main.cpp:166) - radiotray-ng () starting up
[2017-09-22 10:20:24.494180] [0x00007fc615e92a00] [debug] (config.cpp:35) - loading: /home/paul/.config/radiotray-ng/radiotray-ng.json
[2017-09-22 10:20:24.497033] [0x00007fc615e92a00] [info ] (main.cpp:92) - debug logging disabled
[2017-09-22 10:20:24.497123] [0x00007fc615e92a00] [info ] (player.cpp:32) - starting gstreamer
[2017-09-22 10:20:25.295997] [0x00007fc615e92a00] [info ] (player.cpp:369) - buffer-size=1280000
[2017-09-22 10:20:25.414728] [0x00007fc615e92a00] [info ] (media_keys.cpp:185) - starting media keys
[2017-09-22 10:20:39.649428] [0x00007fc615e92a00] [info ] (radiotray_ng.cpp:431) - downloading: root, CBC Radio One Victoria, http://cbc_r1_vic.akacast.akamaistream.net/7/728/451661/v1/rc.akacast.akamaistream.net/cbc_r1_vic
[2017-09-22 10:20:40.221072] [0x00007fc615e92a00] [warning] (playlist_downloader.cpp:193) - Content exceeds our limit of 4,096 bytes!
[2017-09-22 10:20:40.221156] [0x00007fc615e92a00] [info ] (playlist_downloader.cpp:97) - no decoders, assuming direct media stream of content-type: audio/mpeg
[2017-09-22 10:22:10.213233] [0x00007fc615e92a00] [info ] (radiotray_ng.cpp:431) - downloading: root, CBC Radio One Victoria, http://cbc_r1_vic.akacast.akamaistream.net/7/728/451661/v1/rc.akacast.akamaistream.net/cbc_r1_vic
[2017-09-22 10:22:10.909844] [0x00007fc615e92a00] [warning] (playlist_downloader.cpp:193) - Content exceeds our limit of 4,096 bytes!
[2017-09-22 10:22:10.910033] [0x00007fc615e92a00] [info ] (playlist_downloader.cpp:97) - no decoders, assuming direct media stream of content-type: audio/mpeg
