[2017-09-23 10:43:12.089033] [0x00007fc5d5e51700] [error] (player.cpp:168) - buffering timeout, restarting stream...
[2017-09-23 10:45:26.423066] [0x00007fc615e92a00] [info ] (player.cpp:284) - canceling outstanding clock request
[2017-09-23 10:45:27.746230] [0x00007fc615e92a00] [info ] (player.cpp:284) - canceling outstanding clock request
[2017-09-23 10:45:29.644770] [0x00007fc615e92a00] [info ] (player.cpp:284) - canceling outstanding clock request
[2017-09-23 10:45:33.292674] [0x00007fc615e92a00] [info ] (player.cpp:284) - canceling outstanding clock request
[2017-09-23 10:45:37.217855] [0x00007fc615e92a00] [info ] (player.cpp:284) - canceling outstanding clock request
[2017-09-23 10:45:40.182734] [0x00007fc615e92a00] [info ] (player.cpp:284) - canceling outstanding clock request
[2017-09-23 10:50:13.590778] [0x00007fc615e92a00] [info ] (player.cpp:284) - canceling outstanding clock request
[2017-09-23 10:50:14.487037] [0x00007fc615e92a00] [info ] (player.cpp:284) - canceling outstanding clock request
[2017-09-23 10:50:17.366882] [0x00007fc615e92a00] [info ] (player.cpp:284) - canceling outstanding clock request
[2017-09-23 10:50:21.164016] [0x00007fc615e92a00] [info ] (player.cpp:284) - canceling outstanding clock request
[2017-09-23 10:50:27.030703] [0x00007fc615e92a00] [info ] (player.cpp:284) - canceling outstanding clock request
[2017-09-23 10:50:35.500290] [0x00007fc615e92a00] [info ] (player.cpp:284) - canceling outstanding clock request
[2017-09-23 10:55:45.118228] [0x00007fc5d5e51700] [error] (player.cpp:168) - buffering timeout, restarting stream...
[2017-09-23 10:56:13.605096] [0x00007fc615e92a00] [info ] (player.cpp:284) - canceling outstanding clock request
[2017-09-23 10:56:20.133409] [0x00007fc615e92a00] [info ] (player.cpp:284) - canceling outstanding clock request
[2017-09-23 10:56:22.010646] [0x00007fc615e92a00] [info ] (player.cpp:284) - canceling outstanding clock request
[2017-09-23 10:56:25.934988] [0x00007fc615e92a00] [info ] (player.cpp:284) - canceling outstanding clock request
[2017-09-23 10:56:28.133699] [0x00007fc615e92a00] [info ] (player.cpp:284) - canceling outstanding clock request
[2017-09-23 10:56:30.778782] [0x00007fc615e92a00] [info ] (player.cpp:284) - canceling outstanding clock request
[2017-09-23 10:56:38.800200] [0x00007fc615e92a00] [info ] (player.cpp:284) - canceling outstanding clock request
[2017-09-23 10:56:40.720247] [0x00007fc615e92a00] [info ] (player.cpp:284) - canceling outstanding clock request
[2017-09-23 10:56:43.002688] [0x00007fc615e92a00] [info ] (player.cpp:284) - canceling outstanding clock request
[2017-09-23 10:56:51.045753] [0x00007fc615e92a00] [info ] (player.cpp:284) - canceling outstanding clock request
[2017-09-23 10:56:52.837691] [0x00007fc615e92a00] [info ] (player.cpp:284) - canceling outstanding clock request
[2017-09-23 10:56:55.013339] [0x00007fc615e92a00] [info ] (player.cpp:284) - canceling outstanding clock request
[2017-09-23 10:57:03.013902] [0x00007fc615e92a00] [info ] (player.cpp:284) - canceling outstanding clock request
[2017-09-23 10:57:04.677655] [0x00007fc615e92a00] [info ] (player.cpp:284) - canceling outstanding clock request
[2017-09-23 10:57:06.597485] [0x00007fc615e92a00] [info ] (player.cpp:284) - canceling outstanding clock request
[2017-09-23 10:57:14.384073] [0x00007fc615e92a00] [info ] (player.cpp:284) - canceling outstanding clock request
[2017-09-23 10:57:15.897633] [0x00007fc615e92a00] [info ] (player.cpp:284) - canceling outstanding clock request
[2017-09-23 10:57:17.626738] [0x00007fc615e92a00] [info ] (player.cpp:284) - canceling outstanding clock request
[2017-09-23 10:57:26.736072] [0x00007fc615e92a00] [info ] (player.cpp:284) - canceling outstanding clock request
[2017-09-23 10:57:28.421453] [0x00007fc615e92a00] [info ] (player.cpp:284) - canceling outstanding clock request
[2017-09-23 10:57:37.360267] [0x00007fc615e92a00] [info ] (player.cpp:284) - canceling outstanding clock request
[2017-09-23 10:57:38.853433] [0x00007fc615e92a00] [info ] (player.cpp:284) - canceling outstanding clock request
[2017-09-23 10:57:49.200072] [0x00007fc615e92a00] [info ] (player.cpp:284) - canceling outstanding clock request
[2017-09-23 10:57:57.691102] [0x00007fc615e92a00] [info ] (player.cpp:284) - canceling outstanding clock request
[2017-09-23 10:57:59.184367] [0x00007fc615e92a00] [info ] (player.cpp:284) - canceling outstanding clock request
[2017-09-23 10:58:03.109577] [0x00007fc615e92a00] [info ] (player.cpp:284) - canceling outstanding clock request
[2017-09-23 10:58:07.163039] [0x00007fc615e92a00] [info ] (player.cpp:284) - canceling outstanding clock request
[2017-09-23 10:58:08.549758] [0x00007fc615e92a00] [info ] (player.cpp:284) - canceling outstanding clock request
[2017-09-23 10:58:12.325754] [0x00007fc615e92a00] [info ] (player.cpp:284) - canceling outstanding clock request
[2017-09-23 11:16:48.377372] [0x00007fc615e92a00] [info ] (player.cpp:284) - canceling outstanding clock request
[2017-09-23 11:16:58.449019] [0x00007fc5d5e51700] [error] (player.cpp:168) - buffering timeout, restarting stream...
[2017-09-23 11:19:29.231967] [0x00007fc5d5e51700] [error] (player.cpp:168) - buffering timeout, restarting stream...
[2017-09-23 11:19:40.504578] [0x00007fc615e92a00] [info ] (player.cpp:284) - canceling outstanding clock request
[2017-09-23 11:19:43.491149] [0x00007fc615e92a00] [info ] (player.cpp:284) - canceling outstanding clock request
[2017-09-23 11:19:44.108332] [0x00007fc615e92a00] [info ] (player.cpp:284) - canceling outstanding clock request
[2017-09-23 11:19:45.537432] [0x00007fc615e92a00] [info ] (player.cpp:284) - canceling outstanding clock request
[2017-09-23 11:19:47.073989] [0x00007fc615e92a00] [info ] (player.cpp:284) - canceling outstanding clock request
[2017-09-23 11:19:48.950723] [0x00007fc615e92a00] [info ] (player.cpp:284) - canceling outstanding clock request
[2017-09-23 11:19:50.508563] [0x00007fc615e92a00] [info ] (player.cpp:284) - canceling outstanding clock request
[2017-09-23 11:19:54.434211] [0x00007fc615e92a00] [info ] (player.cpp:284) - canceling outstanding clock request
[2017-09-23 11:20:01.730129] [0x00007fc615e92a00] [info ] (player.cpp:284) - canceling outstanding clock request
[2017-09-23 11:20:03.201755] [0x00007fc615e92a00] [info ] (player.cpp:284) - canceling outstanding clock request
[2017-09-23 11:20:06.722001] [0x00007fc615e92a00] [info ] (player.cpp:284) - canceling outstanding clock request
[2017-09-23 11:20:13.996109] [0x00007fc615e92a00] [info ] (player.cpp:284) - canceling outstanding clock request
[2017-09-23 11:20:14.871068] [0x00007fc615e92a00] [info ] (player.cpp:284) - canceling outstanding clock request
[2017-09-23 11:20:18.626282] [0x00007fc615e92a00] [info ] (player.cpp:284) - canceling outstanding clock request
[2017-09-23 11:25:07.713417] [0x00007fc615e92a00] [info ] (player.cpp:284) - canceling outstanding clock request
[2017-09-23 11:25:12.663202] [0x00007fc615e92a00] [info ] (player.cpp:284) - canceling outstanding clock request
[2017-09-23 11:25:38.181629] [0x00007fc615e92a00] [info ] (radiotray_ng.cpp:431) - downloading: root, NPR, https://nprdmp-live01-mp3.akacast.akamaistream.net/7/998/364916/v1/npr.akacast.akamaistream.net/nprdmp_live01_mp3
[2017-09-23 11:25:41.909390] [0x00007fc615e92a00] [warning] (playlist_downloader.cpp:193) - Content exceeds our limit of 4,096 bytes!
[2017-09-23 11:25:41.910770] [0x00007fc615e92a00] [info ] (playlist_downloader.cpp:97) - no decoders, assuming direct media stream of content-type: audio/mpeg
[2017-09-23 11:28:23.602463] [0x00007fc615e92a00] [info ] (radiotray_ng.cpp:431) - downloading: root, CBC Radio One Victoria, http://cbc_r1_vic.akacast.akamaistream.net/7/728/451661/v1/rc.akacast.akamaistream.net/cbc_r1_vic
[2017-09-23 11:28:24.018361] [0x00007fc615e92a00] [warning] (playlist_downloader.cpp:193) - Content exceeds our limit of 4,096 bytes!
[2017-09-23 11:28:24.018538] [0x00007fc615e92a00] [info ] (playlist_downloader.cpp:97) - no decoders, assuming direct media stream of content-type: audio/mpeg
[2017-09-23 11:28:33.133704] [0x00007fc615e92a00] [info ] (player.cpp:119) - canceling outstanding clock request
[2017-09-23 11:28:33.134843] [0x00007fc615e92a00] [info ] (radiotray_ng.cpp:431) - downloading: root, NPR, https://nprdmp-live01-mp3.akacast.akamaistream.net/7/998/364916/v1/npr.akacast.akamaistream.net/nprdmp_live01_mp3
[2017-09-23 11:28:37.444294] [0x00007fc615e92a00] [warning] (playlist_downloader.cpp:193) - Content exceeds our limit of 4,096 bytes!
[2017-09-23 11:28:37.446495] [0x00007fc615e92a00] [info ] (playlist_downloader.cpp:97) - no decoders, assuming direct media stream of content-type: audio/mpeg
[2017-09-23 11:35:52.244203] [0x00007fc615e92a00] [info ] (player.cpp:284) - canceling outstanding clock request
[2017-09-23 11:48:46.537062] [0x00007fc615e92a00] [info ] (player.cpp:284) - canceling outstanding clock request
[2017-09-23 11:48:48.627920] [0x00007fc615e92a00] [info ] (player.cpp:284) - canceling outstanding clock request
[2017-09-23 11:48:57.332296] [0x00007fc615e92a00] [info ] (player.cpp:284) - canceling outstanding clock request
[2017-09-23 11:57:06.752586] [0x00007fc5d5e51700] [error] (player.cpp:168) - buffering timeout, restarting stream...
[2017-09-23 12:33:47.421753] [0x00007fc615e92a00] [info ] (player.cpp:284) - canceling outstanding clock request
[2017-09-23 12:33:51.240007] [0x00007fc615e92a00] [info ] (player.cpp:284) - canceling outstanding clock request
[2017-09-23 12:56:21.260424] [0x00007fc615e92a00] [info ] (radiotray_ng.cpp:431) - downloading: root, CBC Radio One Victoria, http://cbc_r1_vic.akacast.akamaistream.net/7/728/451661/v1/rc.akacast.akamaistream.net/cbc_r1_vic
[2017-09-23 12:56:23.272880] [0x00007fc615e92a00] [warning] (playlist_downloader.cpp:193) - Content exceeds our limit of 4,096 bytes!
[2017-09-23 12:56:23.273077] [0x00007fc615e92a00] [info ] (playlist_downloader.cpp:97) - no decoders, assuming direct media stream of content-type: audio/mpeg
