[2017-09-23 14:48:00.496662] [0x00007f5856d0aa00] [info ] (main.cpp:166) - radiotray-ng () starting up
[2017-09-23 14:48:00.496703] [0x00007f5856d0aa00] [debug] (config.cpp:35) - loading: /home/paul/.config/radiotray-ng/radiotray-ng.json
[2017-09-23 14:48:00.519618] [0x00007f5856d0aa00] [error] (config.cpp:51) - Failed to load: /home/paul/.config/radiotray-ng/radiotray-ng.json : No such file or directory
[2017-09-23 14:48:00.867502] [0x00007f5856d0aa00] [debug] (config.cpp:63) - saving: /home/paul/.config/radiotray-ng/radiotray-ng.json
[2017-09-23 14:48:00.867670] [0x00007f5856d0aa00] [info ] (main.cpp:92) - debug logging disabled
[2017-09-23 14:48:00.867700] [0x00007f5856d0aa00] [info ] (player.cpp:32) - starting gstreamer
[2017-09-23 14:48:02.328450] [0x00007f5856d0aa00] [info ] (player.cpp:369) - buffer-size=1280000
[2017-09-23 14:48:02.333060] [0x00007f5856d0aa00] [info ] (media_keys.cpp:185) - starting media keys
[2017-09-23 14:48:37.062046] [0x00007fe5a1a17a00] [info ] (main.cpp:166) - radiotray-ng () starting up
[2017-09-23 14:48:37.062107] [0x00007fe5a1a17a00] [debug] (config.cpp:35) - loading: /home/paul/.config/radiotray-ng/radiotray-ng.json
[2017-09-23 14:48:37.062220] [0x00007fe5a1a17a00] [info ] (main.cpp:92) - debug logging disabled
[2017-09-23 14:48:37.062248] [0x00007fe5a1a17a00] [info ] (player.cpp:32) - starting gstreamer
[2017-09-23 14:48:37.262985] [0x00007fe5a1a17a00] [info ] (player.cpp:369) - buffer-size=1280000
[2017-09-23 14:48:37.265900] [0x00007fe5a1a17a00] [info ] (media_keys.cpp:185) - starting media keys
[2017-09-23 14:49:00.586199] [0x00007f32af5c8a00] [info ] (main.cpp:166) - radiotray-ng () starting up
[2017-09-23 14:49:00.586277] [0x00007f32af5c8a00] [debug] (config.cpp:35) - loading: /home/paul/.config/radiotray-ng/radiotray-ng.json
[2017-09-23 14:49:00.586405] [0x00007f32af5c8a00] [info ] (main.cpp:92) - debug logging disabled
[2017-09-23 14:49:00.586436] [0x00007f32af5c8a00] [info ] (player.cpp:32) - starting gstreamer
[2017-09-23 14:49:00.758435] [0x00007f32af5c8a00] [info ] (player.cpp:369) - buffer-size=1280000
[2017-09-23 14:49:00.764356] [0x00007f32af5c8a00] [info ] (media_keys.cpp:185) - starting media keys
